2025-05-27 22:36:21 error: uncaughtException: Cannot find module '@whiskeysockets/baileys'
Require stack:
- E:\Whatsapp-Only\config\whatsapp.js
- E:\Whatsapp-Only\app-whatsapp-only.js
Error: Cannot find module '@whiskeysockets/baileys'
Require stack:
- E:\Whatsapp-Only\config\whatsapp.js
- E:\Whatsapp-Only\app-whatsapp-only.js
    at Function._resolveFilename (node:internal/modules/cjs/loader:1244:15)
    at Function._load (node:internal/modules/cjs/loader:1070:27)
    at TracingChannel.traceSync (node:diagnostics_channel:322:14)
    at wrapModuleLoad (node:internal/modules/cjs/loader:217:24)
    at Module.require (node:internal/modules/cjs/loader:1335:12)
    at require (node:internal/modules/helpers:136:16)
    at Object.<anonymous> (E:\Whatsapp-Only\config\whatsapp.js:2:76)
    at Module._compile (node:internal/modules/cjs/loader:1562:14)
    at Object..js (node:internal/modules/cjs/loader:1699:10)
    at Module.load (node:internal/modules/cjs/loader:1313:32)
2025-05-27 22:39:59 error: uncaughtException: Cannot find module './sendMessage'
Require stack:
- E:\Whatsapp-Only\config\whatsapp.js
- E:\Whatsapp-Only\app-whatsapp-only.js
Error: Cannot find module './sendMessage'
Require stack:
- E:\Whatsapp-Only\config\whatsapp.js
- E:\Whatsapp-Only\app-whatsapp-only.js
    at Function._resolveFilename (node:internal/modules/cjs/loader:1244:15)
    at Function._load (node:internal/modules/cjs/loader:1070:27)
    at TracingChannel.traceSync (node:diagnostics_channel:322:14)
    at wrapModuleLoad (node:internal/modules/cjs/loader:217:24)
    at Module.require (node:internal/modules/cjs/loader:1335:12)
    at require (node:internal/modules/helpers:136:16)
    at Object.<anonymous> (E:\Whatsapp-Only\config\whatsapp.js:3057:21)
    at Module._compile (node:internal/modules/cjs/loader:1562:14)
    at Object..js (node:internal/modules/cjs/loader:1699:10)
    at Module.load (node:internal/modules/cjs/loader:1313:32)
